#-----------------------------------------------------------
# Vivado v2019.2 (64-bit)
# SW Build 2708876 on Wed Nov  6 21:40:23 MST 2019
# IP Build 2700528 on Thu Nov  7 00:09:20 MST 2019
# Start of session at: Sat Dec 21 00:04:29 2024
# Process ID: 28252
# Current directory: C:/logic_design/final_project/project_1
# Command line: vivado.exe -gui_launcher_event rodinguilauncherevent20508 C:\logic_design\final_project\project_1\project_1.xpr
# Log file: C:/logic_design/final_project/project_1/vivado.log
# Journal file: C:/logic_design/final_project/project_1\vivado.jou
#-----------------------------------------------------------
start_gui
open_project C:/logic_design/final_project/project_1/project_1.xpr
Scanning sources...
Finished scanning sources
INFO: [IP_Flow 19-234] Refreshing IP repositories
INFO: [IP_Flow 19-1704] No user IP repositories specified
INFO: [IP_Flow 19-2313] Loaded Vivado IP repository 'C:/Xilinx/Vivado/2019.2/data/ip'.
open_project: Time (s): cpu = 00:00:08 ; elapsed = 00:00:08 . Memory (MB): peak = 730.035 ; gain = 94.184
update_compile_order -fileset sources_1
WARNING: [IP_Flow 19-4067] Ignoring invalid widget type specified checkbox.Providing a default widget
WARNING: [IP_Flow 19-4067] Ignoring invalid widget type specified checkbox.Providing a default widget
INFO: [IP_Flow 19-3484] Absolute path of file 'c:/logic_design/final_project/img/out.coe' provided. It will be converted relative to IP Instance files '../../../../../img/out.coe'
INFO: [IP_Flow 19-3484] Absolute path of file 'c:/logic_design/final_project/img/out.coe' provided. It will be converted relative to IP Instance files '../../../../../img/out.coe'
create_ip -name blk_mem_gen -vendor xilinx.com -library ip -version 8.4 -module_name blk_mem_gen_0 -dir c:/logic_design/final_project/project_1/project_1.srcs/sources_1/ip
set_property -dict [list CONFIG.Write_Width_A {12} CONFIG.Write_Depth_A {76800} CONFIG.Read_Width_A {12} CONFIG.Write_Width_B {12} CONFIG.Read_Width_B {12} CONFIG.Load_Init_File {true} CONFIG.Coe_File {C:/logic_design/final_project/img/out.coe}] [get_ips blk_mem_gen_0]
INFO: [IP_Flow 19-3484] Absolute path of file 'c:/logic_design/final_project/img/out.coe' provided. It will be converted relative to IP Instance files '../../../../../img/out.coe'
generate_target {instantiation_template} [get_files c:/logic_design/final_project/project_1/project_1.srcs/sources_1/ip/blk_mem_gen_0/blk_mem_gen_0.xci]
INFO: [IP_Flow 19-1686] Generating 'Instantiation Template' target for IP 'blk_mem_gen_0'...
update_compile_order -fileset sources_1
generate_target all [get_files  c:/logic_design/final_project/project_1/project_1.srcs/sources_1/ip/blk_mem_gen_0/blk_mem_gen_0.xci]
INFO: [IP_Flow 19-1686] Generating 'Synthesis' target for IP 'blk_mem_gen_0'...
INFO: [IP_Flow 19-1686] Generating 'Simulation' target for IP 'blk_mem_gen_0'...
INFO: [IP_Flow 19-1686] Generating 'Miscellaneous' target for IP 'blk_mem_gen_0'...
INFO: [IP_Flow 19-1686] Generating 'Change Log' target for IP 'blk_mem_gen_0'...
generate_target: Time (s): cpu = 00:00:05 ; elapsed = 00:00:05 . Memory (MB): peak = 868.559 ; gain = 9.359
catch { config_ip_cache -export [get_ips -all blk_mem_gen_0] }
export_ip_user_files -of_objects [get_files c:/logic_design/final_project/project_1/project_1.srcs/sources_1/ip/blk_mem_gen_0/blk_mem_gen_0.xci] -no_script -sync -force -quiet
create_ip_run [get_files -of_objects [get_fileset sources_1] c:/logic_design/final_project/project_1/project_1.srcs/sources_1/ip/blk_mem_gen_0/blk_mem_gen_0.xci]
launch_runs -jobs 4 blk_mem_gen_0_synth_1
[Sat Dec 21 00:13:27 2024] Launched blk_mem_gen_0_synth_1...
Run output will be captured here: C:/logic_design/final_project/project_1/project_1.runs/blk_mem_gen_0_synth_1/runme.log
export_simulation -of_objects [get_files c:/logic_design/final_project/project_1/project_1.srcs/sources_1/ip/blk_mem_gen_0/blk_mem_gen_0.xci] -directory C:/logic_design/final_project/project_1/project_1.ip_user_files/sim_scripts -ip_user_files_dir C:/logic_design/final_project/project_1/project_1.ip_user_files -ipstatic_source_dir C:/logic_design/final_project/project_1/project_1.ip_user_files/ipstatic -lib_map_path [list {modelsim=C:/logic_design/final_project/project_1/project_1.cache/compile_simlib/modelsim} {questa=C:/logic_design/final_project/project_1/project_1.cache/compile_simlib/questa} {riviera=C:/logic_design/final_project/project_1/project_1.cache/compile_simlib/riviera} {activehdl=C:/logic_design/final_project/project_1/project_1.cache/compile_simlib/activehdl}] -use_ip_compiled_libs -force -quiet
WARNING: [IP_Flow 19-4067] Ignoring invalid widget type specified checkbox.Providing a default widget
WARNING: [IP_Flow 19-4067] Ignoring invalid widget type specified checkbox.Providing a default widget
exit
INFO: [Common 17-206] Exiting Vivado at Sat Dec 21 00:52:59 2024...
