Copyright 1986-2019 Xilinx, Inc. All Rights Reserved.
------------------------------------------------------------------------------------------------------------
| Tool Version : Vivado v.2019.2 (win64) Build 2708876 Wed Nov  6 21:40:23 MST 2019
| Date         : Sat Dec 21 20:26:18 2024
| Host         : LAPTOP-EJ06DPFO running 64-bit major release  (build 9200)
| Command      : report_drc -file player2_drc_opted.rpt -pb player2_drc_opted.pb -rpx player2_drc_opted.rpx
| Design       : player2
| Device       : xc7a35tcpg236-1
| Speed File   : -1
| Design State : Fully Placed
------------------------------------------------------------------------------------------------------------

Report DRC

Table of Contents
-----------------
1. REPORT SUMMARY
2. REPORT DETAILS

1. REPORT SUMMARY
-----------------
            Netlist: netlist
          Floorplan: design_1
      Design limits: <entire design considered>
           Ruledeck: default
             Max violations: <unlimited>
             Violations found: 0
+------+----------+-------------+------------+
| Rule | Severity | Description | Violations |
+------+----------+-------------+------------+
+------+----------+-------------+------------+

2. REPORT DETAILS
-----------------

